<?xml version="1.0" encoding="UTF-8"?>
<!-- Generated by org.testng.reporters.JUnitXMLReporter -->
<testsuite ignored="0" hostname="DESKTOP-4A6VTUP" failures="0" tests="3" name="Default test" time="40.527" errors="0" timestamp="2022-03-04T14:43:00 IST">
  <testcase classname="jsonproject.DdTestUsingJson" name="Login" time="19.026"/>
  <testcase classname="jsonproject.DdTestUsingJson" name="Login" time="1.614"/>
  <testcase classname="jsonproject.DdTestUsingJson" name="Login" time="17.082"/>
</testsuite> <!-- Default test -->
