<?xml version="1.0" encoding="UTF-8"?>
<testng-results ignored="0" total="3" passed="3" failed="0" skipped="0">
  <reporter-output>
  </reporter-output>
  <suite started-at="2022-03-04T14:42:20 IST" name="Default suite" finished-at="2022-03-04T14:43:00 IST" duration-ms="40527">
    <groups>
    </groups>
    <test started-at="2022-03-04T14:42:20 IST" name="Default test" finished-at="2022-03-04T14:43:00 IST" duration-ms="40527">
      <class name="jsonproject.DdTestUsingJson">
        <test-method is-config="true" signature="setup()[pri:0, instance:jsonproject.DdTestUsingJson@6d763516]" started-at="2022-03-04T14:42:20 IST" name="setup" finished-at="2022-03-04T14:42:23 IST" duration-ms="2550" status="PASS">
          <reporter-output>
          </reporter-output>
        </test-method> <!-- setup -->
        <test-method signature="Login(java.lang.String)[pri:0, instance:jsonproject.DdTestUsingJson@6d763516]" started-at="2022-03-04T14:42:23 IST" name="Login" data-provider="dp" finished-at="2022-03-04T14:42:42 IST" duration-ms="19026" status="PASS">
          <params>
            <param index="0">
              <value>
                <![CDATA[utkarshgupta0408@gmail.com,utki1999]]>
              </value>
            </param>
          </params>
          <reporter-output>
          </reporter-output>
        </test-method> <!-- Login -->
        <test-method signature="Login(java.lang.String)[pri:0, instance:jsonproject.DdTestUsingJson@6d763516]" started-at="2022-03-04T14:42:42 IST" name="Login" data-provider="dp" finished-at="2022-03-04T14:42:43 IST" duration-ms="1614" status="PASS">
          <params>
            <param index="0">
              <value>
                <![CDATA[utkarshgupta0408@gmail.com,utki1999]]>
              </value>
            </param>
          </params>
          <reporter-output>
          </reporter-output>
        </test-method> <!-- Login -->
        <test-method signature="Login(java.lang.String)[pri:0, instance:jsonproject.DdTestUsingJson@6d763516]" started-at="2022-03-04T14:42:43 IST" name="Login" data-provider="dp" finished-at="2022-03-04T14:43:00 IST" duration-ms="17082" status="PASS">
          <params>
            <param index="0">
              <value>
                <![CDATA[utkarshgupta0408@gmail.com,utki1999]]>
              </value>
            </param>
          </params>
          <reporter-output>
          </reporter-output>
        </test-method> <!-- Login -->
        <test-method is-config="true" signature="tearDown()[pri:0, instance:jsonproject.DdTestUsingJson@6d763516]" started-at="2022-03-04T14:43:00 IST" name="tearDown" finished-at="2022-03-04T14:43:00 IST" duration-ms="166" status="PASS">
          <reporter-output>
          </reporter-output>
        </test-method> <!-- tearDown -->
      </class> <!-- jsonproject.DdTestUsingJson -->
    </test> <!-- Default test -->
  </suite> <!-- Default suite -->
</testng-results>
